d:\file\opensource\opensteer-code-svn\win32\debug\vc120.pdb
d:\file\opensource\opensteer-code-svn\win32\debug\vc120.idb
d:\file\opensource\opensteer-code-svn\win32\debug\boids.obj
d:\file\opensource\opensteer-code-svn\win32\debug\capturetheflag.obj
d:\file\opensource\opensteer-code-svn\win32\debug\lowspeedturn.obj
d:\file\opensource\opensteer-code-svn\win32\debug\mapdrive.obj
d:\file\opensource\opensteer-code-svn\win32\debug\multiplepursuit.obj
d:\file\opensource\opensteer-code-svn\win32\debug\oneturning.obj
d:\file\opensource\opensteer-code-svn\win32\debug\pedestrian.obj
d:\file\opensource\opensteer-code-svn\win32\debug\soccer.obj
d:\file\opensource\opensteer-code-svn\win32\debug\main.obj
d:\file\opensource\opensteer-code-svn\win32\debug\opensteerdemo.obj
d:\file\opensource\opensteer-code-svn\win32\debug\opensteerdemo.ilk
d:\file\opensource\opensteer-code-svn\win32\debug\opensteerdemo.exe
d:\file\opensource\opensteer-code-svn\win32\debug\opensteerdemo.pdb
d:\file\opensource\opensteer-code-svn\win32\debug\steertest.res
f:\file\opensource\opensteer-code-svn\win32\debug\camera.obj
f:\file\opensource\opensteer-code-svn\win32\debug\clock.obj
f:\file\opensource\opensteer-code-svn\win32\debug\color.obj
f:\file\opensource\opensteer-code-svn\win32\debug\draw.obj
f:\file\opensource\opensteer-code-svn\win32\debug\lq.obj
f:\file\opensource\opensteer-code-svn\win32\debug\main.obj
f:\file\opensource\opensteer-code-svn\win32\debug\obstacle.obj
f:\file\opensource\opensteer-code-svn\win32\debug\oldpathway.obj
f:\file\opensource\opensteer-code-svn\win32\debug\path.obj
f:\file\opensource\opensteer-code-svn\win32\debug\pathway.obj
f:\file\opensource\opensteer-code-svn\win32\debug\plugin.obj
f:\file\opensource\opensteer-code-svn\win32\debug\polylinesegmentedpath.obj
f:\file\opensource\opensteer-code-svn\win32\debug\polylinesegmentedpathwaysegmentradii.obj
f:\file\opensource\opensteer-code-svn\win32\debug\polylinesegmentedpathwaysingleradius.obj
f:\file\opensource\opensteer-code-svn\win32\debug\segmentedpath.obj
f:\file\opensource\opensteer-code-svn\win32\debug\segmentedpathway.obj
f:\file\opensource\opensteer-code-svn\win32\debug\simplevehicle.obj
f:\file\opensource\opensteer-code-svn\win32\debug\terrainraytest.obj
f:\file\opensource\opensteer-code-svn\win32\debug\vec3.obj
f:\file\opensource\opensteer-code-svn\win32\debug\vec3utilities.obj
f:\file\opensource\opensteer-code-svn\win32\debug\opensteer.idb
f:\file\opensource\opensteer-code-svn\win32\debug\opensteer.pdb
f:\file\opensource\opensteer-code-svn\win32\debug\opensteerdemo.exe
f:\file\opensource\opensteer-code-svn\win32\debug\opensteerdemo.tlog\cl.command.1.tlog
f:\file\opensource\opensteer-code-svn\win32\debug\opensteerdemo.tlog\cl.read.1.tlog
f:\file\opensource\opensteer-code-svn\win32\debug\opensteerdemo.tlog\cl.write.1.tlog
f:\file\opensource\opensteer-code-svn\win32\debug\opensteerdemo.tlog\link.command.1.tlog
f:\file\opensource\opensteer-code-svn\win32\debug\opensteerdemo.tlog\link.read.1.tlog
f:\file\opensource\opensteer-code-svn\win32\debug\opensteerdemo.tlog\link.write.1.tlog
f:\file\opensource\opensteer-code-svn\win32\debug\opensteerdemo.tlog\rc.command.1.tlog
f:\file\opensource\opensteer-code-svn\win32\debug\opensteerdemo.tlog\rc.read.1.tlog
f:\file\opensource\opensteer-code-svn\win32\debug\opensteerdemo.tlog\rc.write.1.tlog
